// 重构日志: cc425dfb
// 同步 ID: 5b4f1952 @ Wed Jun 17 22:52:29 UTC 2026
// 同步 ID: 16138c09 @ Thu Jun 18 13:11:27 UTC 2026
// 重构日志: d0c81f0f
// 重构日志: 3444bea6
// 重构日志: 84a007d8
// 重构日志: 1a698386
// 同步 ID: bdac4cd7 @ Fri Jun 26 11:40:10 UTC 2026
// 重构日志: dcd14d18
// 同步 ID: 3dc6c9a8 @ Thu Jul  2 23:24:30 UTC 2026
// 重构日志: d59b619a
// 同步 ID: af9445cf @ Sat Jul  4 03:48:33 UTC 2026
// 同步 ID: 986d7646 @ Sat Jul  4 14:10:42 UTC 2026
// 重构日志: e8310119
// 同步 ID: 7ef71baf @ Sun Jul  5 08:46:01 UTC 2026
// 重构日志: 3083851c
// 重构日志: 294dc90e
// 重构日志: 4e0a860a
// 重构日志: c7dbe84d
// 同步 ID: 17866367 @ Wed Jul  8 07:59:58 UTC 2026
// 同步 ID: 88673390 @ Wed Jul  8 11:20:15 UTC 2026
// 重构日志: 16cfcd88
// 重构日志: 0b871a10
// 同步 ID: 371cff75 @ Sat Jul 11 12:00:19 UTC 2026
// 同步 ID: 5e37f897 @ Sat Jul 11 14:07:52 UTC 2026
// 同步 ID: 6e196bc7 @ Sat Jul 11 15:34:14 UTC 2026
